*** Using Compiler 'V6.7', folder: 'D:\software\keil5\ARM\ARMCLANG\Bin'
Build target 'Demo'
../Apply/Logic/Src/usercode.c(1): warning: In file included from...../Apply/Logic/Inc\usercode.h(10): error: unknown type name 'int8_t'
void ROV_MotorControl(int8_t motor1, int8_t motor2, int8_t motor3, int8_t motor4);
                      ^
../Apply/Logic/Inc\usercode.h(10): error: unknown type name 'int8_t'
void ROV_MotorControl(int8_t motor1, int8_t motor2, int8_t motor3, int8_t motor4);
                                     ^
../Apply/Logic/Inc\usercode.h(10): error: unknown type name 'int8_t'
void ROV_MotorControl(int8_t motor1, int8_t motor2, int8_t motor3, int8_t motor4);
                                                    ^
../Apply/Logic/Inc\usercode.h(10): error: unknown type name 'int8_t'
void ROV_MotorControl(int8_t motor1, int8_t motor2, int8_t motor3, int8_t motor4);
                                                                   ^
../Apply/Logic/Inc\usercode.h(16): error: unknown type name 'uint8_t'
void ROV_MoveUp(uint8_t power);
                ^
../Apply/Logic/Inc\usercode.h(17): error: unknown type name 'uint8_t'
void ROV_MoveDown(uint8_t power);
                  ^
../Apply/Logic/Inc\usercode.h(18): error: unknown type name 'uint8_t'
void ROV_MoveForward(uint8_t power);
                     ^
../Apply/Logic/Inc\usercode.h(19): error: unknown type name 'uint8_t'
void ROV_MoveBackward(uint8_t power);
                      ^
../Apply/Logic/Inc\usercode.h(20): error: unknown type name 'uint8_t'
void ROV_TurnLeft(uint8_t power);
                  ^
../Apply/Logic/Inc\usercode.h(21): error: unknown type name 'uint8_t'
void ROV_TurnRight(uint8_t power);
                   ^
../Apply/Logic/Src/usercode.c(33): warning: illegal character encoding in string literal [-Winvalid-source-encoding]
    printf("<U+02EE><CF><U+00BB><FA><C6><F7><C8><U+02FF><D8><D6><C6><U+03F5><U+0373><B3><F5><U+02BC><BB><AF><CD><EA><B3><C9>\r\n");
                    ^~~~        ~~~~~~~~~~~~~~~~        ~~~~~~~~~~~~                ~~~~~~~~        ~~~~~~~~~~~~~~~~~~~~~~~~
../Apply/Logic/Src/usercode.c(34): warning: illegal character encoding in string literal [-Winvalid-source-encoding]
    printf("PWM<U+01B5><C2><CA>: %lu Hz\r\n", MT_PWM[0].ulFreq);
                       ^~~~~~~~
../Apply/Logic/Src/usercode.c(34): warning: format specifies type 'unsigned long' but the argument has type 'uint32_t' (aka 'unsigned int') [-Wformat]
    printf("PWM<U+01B5><C2><CA>: %lu Hz\r\n", MT_PWM[0].ulFreq);
                                 ~~~          ^~~~~~~~~~~~~~~~
                                 %u
../Apply/Logic/Src/usercode.c(35): warning: illegal character encoding in string literal [-Winvalid-source-encoding]
    printf("<B4><AE><BF><U+06B2><A8><CC><D8><C2><CA>: 115200\r\n");
            ^~~~~~~~~~~~        ~~~~~~~~~~~~~~~~~~~~
../Apply/Logic/Src/usercode.c(36): warning: illegal character encoding in string literal [-Winvalid-source-encoding]
    printf("<B5><U+0234><FD><BF><D8><D6><C6><C3><FC><C1><EE>...\r\n");
            ^~~~        ~~~~~~~~~~~~~~~~~~~~~~~~~~~~~~~~~~~~
../Apply/Logic/Src/usercode.c(76): warning: illegal character encoding in string literal [-Winvalid-source-encoding]
    printf("<C9><U+03F8><A1>: %d%% <B9><A6><C2><CA>\r\n", power);
            ^~~~        ~~~~       ~~~~~~~~~~~~~~~~
../Apply/Logic/Src/usercode.c(84): warning: illegal character encoding in string literal [-Winvalid-source-encoding]
    printf("<CF><C2><U+01F1>: %d%% <B9><A6><C2><CA>\r\n", power);
            ^~~~~~~~               ~~~~~~~~~~~~~~~~
../Apply/Logic/Src/usercode.c(92): warning: illegal character encoding in string literal [-Winvalid-source-encoding]
    printf("<U+01F0><BD><F8>: %d%% <B9><A6><C2><CA>\r\n", power);
                    ^~~~~~~~       ~~~~~~~~~~~~~~~~
../Apply/Logic/Src/usercode.c(100): warning: illegal character encoding in string literal [-Winvalid-source-encoding]
    printf("<BA><F3><CD><CB>: %d%% <B9><A6><C2><CA>\r\n", power);
            ^~~~~~~~~~~~~~~~       ~~~~~~~~~~~~~~~~
../Apply/Logic/Src/usercode.c(108): warning: illegal character encoding in string literal [-Winvalid-source-encoding]
    printf("<D7><F3><U+05EA>: %d%% <B9><A6><C2><CA>\r\n", power);
            ^~~~~~~~               ~~~~~~~~~~~~~~~~
../Apply/Logic/Src/usercode.c(116): warning: illegal character encoding in string literal [-Winvalid-source-encoding]
    printf("<D3><D2><U+05EA>: %d%% <B9><A6><C2><CA>\r\n", power);
            ^~~~~~~~               ~~~~~~~~~~~~~~~~
../Apply/Logic/Src/usercode.c(131): warning: illegal character encoding in string literal [-Winvalid-source-encoding]
        printf("<CA><U+0575><BD><C3><FC><C1><EE>: <B9><A6><C2><CA>=%d%%, <B6><AF><D7><F7>=%s\r\n", power, action);
                ^~~~        ~~~~~~~~~~~~~~~~~~~~  ~~~~~~~~~~~~~~~~       ~~~~~~~~~~~~~~~~
../Apply/Logic/Src/usercode.c(161): warning: illegal character encoding in string literal [-Winvalid-source-encoding]
            printf("<U+0363><U+05B9><CB><F9><D3><U+0435><E7><BB><FA>\r\n");
                                    ^~~~~~~~~~~~        ~~~~~~~~~~~~
../Apply/Logic/Src/usercode.c(165): warning: illegal character encoding in string literal [-Winvalid-source-encoding]
            printf("<U+03B4><U+05AA><B6><AF><D7><F7>: %s\r\n", action);
                                    ^~~~~~~~~~~~~~~~
../Apply/Logic/Src/usercode.c(170): warning: illegal character encoding in string literal [-Winvalid-source-encoding]
        printf("<C3><FC><C1><EE><B8><F1><U+02BD><B4><ED><CE><F3>: %s\r\n", cmd);
                ^~~~~~~~~~~~~~~~~~~~~~~~        ~~~~~~~~~~~~~~~~
../Apply/Logic/Src/usercode.c(171): warning: illegal character encoding in string literal [-Winvalid-source-encoding]
        printf("<D5><FD><U+0237><B8><F1><U+02BD>: jsb <power> <action>\r\n");
                ^~~~~~~~        ~~~~~~~~
../Apply/Logic/Src/usercode.c(172): warning: illegal character encoding in string literal [-Winvalid-source-encoding]
        printf("<U+02BE><C0><FD>: jsb 50 up, jsb 30 forward, jsb 0 stop\r\n");
                        ^~~~~~~~
../Apply/Logic/Src/usercode.c(245): warning: illegal character encoding in string literal [-Winvalid-source-encoding]
            printf("[<D6><U+043C><CC>] <U+05EA><B7><A2> %d <D7><U+05BD><DA><CA><FD><BE><DD>\r\n", rx_len);
                     ^~~~        ~~~~          ~~~~~~~~    ~~~~        ~~~~~~~~~~~~~~~~~~~~
18 warnings and 10 errors generated.
compiling usercode.c...
../Apply/Logic/Src/threadpool.c(1): warning: In file included from...../Apply/Logic/Inc\usercode.h(10): error: unknown type name 'int8_t'
void ROV_MotorControl(int8_t motor1, int8_t motor2, int8_t motor3, int8_t motor4);
                      ^
../Apply/Logic/Inc\usercode.h(10): error: unknown type name 'int8_t'
void ROV_MotorControl(int8_t motor1, int8_t motor2, int8_t motor3, int8_t motor4);
                                     ^
../Apply/Logic/Inc\usercode.h(10): error: unknown type name 'int8_t'
void ROV_MotorControl(int8_t motor1, int8_t motor2, int8_t motor3, int8_t motor4);
                                                    ^
../Apply/Logic/Inc\usercode.h(10): error: unknown type name 'int8_t'
void ROV_MotorControl(int8_t motor1, int8_t motor2, int8_t motor3, int8_t motor4);
                                                                   ^
../Apply/Logic/Inc\usercode.h(16): error: unknown type name 'uint8_t'
void ROV_MoveUp(uint8_t power);
                ^
../Apply/Logic/Inc\usercode.h(17): error: unknown type name 'uint8_t'
void ROV_MoveDown(uint8_t power);
                  ^
../Apply/Logic/Inc\usercode.h(18): error: unknown type name 'uint8_t'
void ROV_MoveForward(uint8_t power);
                     ^
../Apply/Logic/Inc\usercode.h(19): error: unknown type name 'uint8_t'
void ROV_MoveBackward(uint8_t power);
                      ^
../Apply/Logic/Inc\usercode.h(20): error: unknown type name 'uint8_t'
void ROV_TurnLeft(uint8_t power);
                  ^
../Apply/Logic/Inc\usercode.h(21): error: unknown type name 'uint8_t'
void ROV_TurnRight(uint8_t power);
                   ^
10 errors generated.
compiling threadpool.c...
compiling ocd_ds3231.c...
compiling config.c...
compiling main.c...
compiling task_sysinit.c...
../Apply/Task/Src/task_userinit.c(14): warning: implicit declaration of function 'Drv_UART_Init' is invalid in C99 [-Wimplicit-function-declaration]
        Drv_UART_Init(&rovUart1);
        ^
../Apply/Task/Src/task_userinit.c(20): warning: illegal character encoding in string literal [-Winvalid-source-encoding]
        printf("<U+02EE><CF><U+00BB><FA><C6><F7><C8><U+02FF><D8><D6><C6><U+03F5><U+0373><CD><E2><C9><E8><B3><F5><U+02BC><BB><AF><CD><EA><B3><C9>\r\n");
                        ^~~~        ~~~~~~~~~~~~~~~~        ~~~~~~~~~~~~                ~~~~~~~~~~~~~~~~~~~~~~~~        ~~~~~~~~~~~~~~~~~~~~~~~~
2 warnings generated.
compiling task_userinit.c...
compiling ocd_at24cxx.c...
compiling task_irq.c...
compiling ocd_ads1256.c...
../Bsp/OCD/Src/ocd_jy901.c(397): warning: illegal character encoding in string literal [-Winvalid-source-encoding]
        if(_tJY901->tConfig.usType & JY901_OUTPUT_TIME)         printf("time: %d<C4><EA>%d<D4><C2>%d<C8><D5>%d<U+02B1>%d<B7><D6>%d<C3><EB>\r\n",_tJY901->stcTime.Year,_tJY901->stcTime.Month,_tJY901->stcTime.Day,_tJY901->stcTime.Hour,_tJY901->stcTime.Min,_tJY901->stcTime.Sec);
                                                                                ^~~~~~~~  ~~~~~~~~  ~~~~~~~~            ~~~~~~~~  ~~~~~~~~
1 warning generated.
compiling ocd_jy901.c...
compiling ocd_fatfs.c...
../Bsp/FatFs/Src/diskio.c(3): error: unknown type name '__weak'
__weak DSTATUS disk_initialize (
^
../Bsp/FatFs/Src/diskio.c(3): error: expected ';' after top level declarator
__weak DSTATUS disk_initialize (
              ^
              ;
2 errors generated.
compiling diskio.c...
compiling ocd_oled.c...
compiling ocd_ms5837.c...
compiling ocd_rm3100.c...
compiling dev_ps2.c...
compiling algo_pid.c...
../Driver/Src/drv_hal.c(434): error: '#pragma import' is an ARM Compiler 5 extension, and is not supported by ARM Compiler 6 [-Warmcc-pragma-import]
#pragma import(__use_no_semihosting)          
        ^
../Driver/Src/drv_hal.c(435): error: redefinition of '__FILE'
struct __FILE 
       ^
D:\software\keil5\ARM\ARMCLANG\Bin\..\include\stdio.h(119): note: previous definition is here
struct __FILE {
       ^
2 errors generated.
compiling drv_hal.c...
compiling algo_func.c...
compiling ocd_sdcard.c...
compiling drv_hal_adc.c...
compiling drv_hal_delay.c...
compiling drv_hal_dac.c...
compiling drv_hal_flash.c...
compiling drv_hal_gpio.c...
compiling drv_hal_pwr.c...
compiling drv_hal_iic_soft.c...
compiling drv_hal_spi.c...
../Driver/Src/drv_hal_spi_soft.c(83): warning: implicit declaration of function '__nop' is invalid in C99 [-Wimplicit-function-declaration]
                SPI_Delay
                ^
../Driver/Inc/drv_hal_spi_soft.h(6): note: expanded from macro 'SPI_Delay'
#define SPI_Delay  {__nop();__nop();}
                    ^
1 warning generated.
compiling drv_hal_spi_soft.c...
compiling ff.c...
compiling drv_hal_pwm.c...
compiling drv_hal_timer.c...
compiling drv_hal_wdg.c...
compiling drv_hal_uart.c...
compiling stm32f1xx_hal.c...
compiling stm32f1xx_hal_adc.c...
compiling stm32f1xx_hal_adc_ex.c...
compiling stm32f1xx_hal_can.c...
compiling stm32f1xx_hal_cortex.c...
compiling stm32f1xx_hal_cec.c...
compiling stm32f1xx_hal_crc.c...
compiling stm32f1xx_hal_dac.c...
compiling stm32f1xx_hal_eth.c...
compiling stm32f1xx_hal_dac_ex.c...
compiling stm32f1xx_hal_exti.c...
compiling stm32f1xx_hal_dma.c...
compiling stm32f1xx_hal_i2c.c...
compiling stm32f1xx_hal_gpio.c...
compiling stm32f1xx_hal_hcd.c...
compiling stm32f1xx_hal_gpio_ex.c...
compiling stm32f1xx_hal_flash.c...
compiling stm32f1xx_hal_flash_ex.c...
compiling stm32f1xx_hal_i2s.c...
compiling stm32f1xx_hal_irda.c...
compiling stm32f1xx_hal_iwdg.c...
compiling stm32f1xx_hal_mmc.c...
compiling stm32f1xx_hal_nand.c...
compiling stm32f1xx_hal_nor.c...
compiling stm32f1xx_hal_pccard.c...
compiling stm32f1xx_hal_pcd_ex.c...
compiling stm32f1xx_hal_pcd.c...
compiling stm32f1xx_hal_pwr.c...
compiling stm32f1xx_hal_rcc_ex.c...
compiling stm32f1xx_hal_rtc.c...
compiling stm32f1xx_hal_rtc_ex.c...
compiling stm32f1xx_hal_rcc.c...
compiling stm32f1xx_hal_sd.c...
compiling stm32f1xx_hal_smartcard.c...
compiling stm32f1xx_hal_sram.c...
compiling stm32f1xx_hal_wwdg.c...
compiling system_stm32f1xx.c...
compiling stm32f1xx_hal_spi.c...
compiling stm32f1xx_hal_uart.c...
compiling stm32f1xx_hal_tim_ex.c...
compiling stm32f1xx_hal_usart.c...
compiling stm32f1xx_hal_tim.c...
assembling startup_stm32f103xe.s...
".\Objects\STM32.axf" - 24 Error(s), 22 Warning(s).
Target not created.
Build Time Elapsed:  00:00:24
